magic-8-ball-flutter/build/app/intermediates/manifest_merge_blame_file/debug/manifest-merger-blame-debug-report.txt
1<?xml version="1.0" encoding="utf-8"?>
2<manifest xmlns:android="http://schemas.android.com/apk/res/android"
3    package="co.appbrewery.magic8ball"
4    android:versionCode="1"
5    android:versionName="1.0.0" >
6
7    <uses-sdk
8        android:minSdkVersion="16"
8-->src\main\AndroidManifest.xml
9        android:targetSdkVersion="29" />
9-->src\main\AndroidManifest.xml
10
11    <!--
12         The INTERNET permission is required for development. Specifically,
13         flutter needs it to communicate with the running application
14         to allow setting breakpoints, to provide hot reload, etc.
15    -->
16    <uses-permission android:name="android.permission.INTERNET" />
16-->src\main\AndroidManifest.xml:8:5-66
16-->src\main\AndroidManifest.xml:8:22-64
17
18    <meta-data
18-->src\main\AndroidManifest.xml:42:5-44:29
19        android:name="flutterEmbedding"
19-->src\main\AndroidManifest.xml:43:9-40
20        android:value="2" />
20-->src\main\AndroidManifest.xml:44:9-26
21    <!--
22     io.flutter.app.FlutterApplication is an android.app.Application that
23         calls FlutterMain.startInitialization(this); in its onCreate method.
24         In most cases you can leave this as-is, but you if you want to provide
25         additional functionality it is fine to subclass or reimplement
26         FlutterApplication and put your custom class here.
27    -->
28    <application
29        android:name="android.app.Application"
29-->src\main\AndroidManifest.xml:16:9-42
30        android:appComponentFactory="androidx.core.app.CoreComponentFactory"
30-->[androidx.core:core:1.6.0] AndroidManifest.xml:24:18-86
31        android:debuggable="true"
32        android:icon="@mipmap/ic_launcher"
32-->src\main\AndroidManifest.xml:18:9-43
33        android:label="magic_8_ball" >
33-->src\main\AndroidManifest.xml:17:9-37
34        <activity
34-->src\main\AndroidManifest.xml:19:9-40:20
35            android:name="co.appbrewery.magic8ball.MainActivity"
35-->src\main\AndroidManifest.xml:20:13-41
36            android:configChanges="orientation|keyboardHidden|keyboard|screenSize|locale|layoutDirection|fontScale|screenLayout|density"
36-->src\main\AndroidManifest.xml:23:13-137
37            android:hardwareAccelerated="true"
37-->src\main\AndroidManifest.xml:24:13-47
38            android:launchMode="singleTop"
38-->src\main\AndroidManifest.xml:21:13-43
39            android:theme="@style/LaunchTheme"
39-->src\main\AndroidManifest.xml:22:13-47
40            android:windowSoftInputMode="adjustResize" >
40-->src\main\AndroidManifest.xml:25:13-55
41
42            <!--
43                 This keeps the window background of the activity showing
44                 until Flutter renders its first frame. It can be removed if
45                 there is no splash screen (such as the default splash screen
46                 defined in @style/LaunchTheme).
47            -->
48            <!-- Specify that the launch screen should continue being displayed -->
49            <!-- until Flutter renders its first frame. -->
50            <meta-data
50-->src\main\AndroidManifest.xml:32:13-34:66
51                android:name="io.flutter.embedding.android.SplashScreenDrawable"
51-->src\main\AndroidManifest.xml:33:17-81
52                android:resource="@drawable/launch_background" />
52-->src\main\AndroidManifest.xml:34:17-63
53
54            <intent-filter>
54-->src\main\AndroidManifest.xml:36:13-39:29
55                <action android:name="android.intent.action.MAIN" />
55-->src\main\AndroidManifest.xml:37:17-68
55-->src\main\AndroidManifest.xml:37:25-66
56
57                <category android:name="android.intent.category.LAUNCHER" />
57-->src\main\AndroidManifest.xml:38:17-76
57-->src\main\AndroidManifest.xml:38:27-74
58            </intent-filter>
59        </activity>
60
61        <uses-library
61-->[androidx.window:window:1.0.0-beta04] AndroidManifest.xml:25:9-27:40
62            android:name="androidx.window.extensions"
62-->[androidx.window:window:1.0.0-beta04] AndroidManifest.xml:26:13-54
63            android:required="false" />
63-->[androidx.window:window:1.0.0-beta04] AndroidManifest.xml:27:13-37
64        <uses-library
64-->[androidx.window:window:1.0.0-beta04] AndroidManifest.xml:28:9-30:40
65            android:name="androidx.window.sidecar"
65-->[androidx.window:window:1.0.0-beta04] AndroidManifest.xml:29:13-51
66            android:required="false" />
66-->[androidx.window:window:1.0.0-beta04] AndroidManifest.xml:30:13-37
67    </application>
68
69</manifest>